build/app/intermediates/manifest_merge_blame_file/debug/manifest-merger-blame-debug-report.txt
1<?xml version="1.0" encoding="utf-8"?>
2<manifest xmlns:android="http://schemas.android.com/apk/res/android"
3    package="com.example.flutter_chatapp"
4    android:versionCode="1"
5    android:versionName="1.0.0" >
6
7    <uses-sdk
8        android:minSdkVersion="21"
9        android:targetSdkVersion="30" />
10    <!--
11         Flutter needs it to communicate with the running application
12         to allow setting breakpoints, to provide hot reload, etc.
13    -->
14    <uses-permission android:name="android.permission.INTERNET" />
14-->src\debug\AndroidManifest.xml:6:5-66
14-->src\debug\AndroidManifest.xml:6:22-64
15    <uses-permission android:name="android.permission.READ_EXTERNAL_STORAGE" />
15-->[:image_picker] AndroidManifest.xml:7:5-80
15-->[:image_picker] AndroidManifest.xml:7:22-77
16    <uses-permission android:name="android.permission.WRITE_EXTERNAL_STORAGE" />
16-->[:image_picker] AndroidManifest.xml:8:5-81
16-->[:image_picker] AndroidManifest.xml:8:22-78
17    <uses-permission android:name="android.permission.WAKE_LOCK" />
17-->[:firebase_messaging] AndroidManifest.xml:8:5-68
17-->[:firebase_messaging] AndroidManifest.xml:8:22-65
18    <uses-permission android:name="android.permission.ACCESS_NETWORK_STATE" />
18-->[:firebase_messaging] AndroidManifest.xml:9:5-79
18-->[:firebase_messaging] AndroidManifest.xml:9:22-76
19    <uses-permission android:name="android.permission.RECEIVE_BOOT_COMPLETED" />
19-->[:flutter_local_notifications] AndroidManifest.xml:7:5-81
19-->[:flutter_local_notifications] AndroidManifest.xml:7:22-78
20    <uses-permission android:name="android.permission.VIBRATE" />
20-->[:flutter_local_notifications] AndroidManifest.xml:8:5-66
20-->[:flutter_local_notifications] AndroidManifest.xml:8:22-63
21    <uses-permission android:name="android.permission.USE_FULL_SCREEN_INTENT" /> <!-- Required by older versions of Google Play services to create IID tokens -->
21-->[:flutter_local_notifications] AndroidManifest.xml:9:5-81
21-->[:flutter_local_notifications] AndroidManifest.xml:9:22-78
22    <uses-permission android:name="com.google.android.c2dm.permission.RECEIVE" />
22-->[com.google.firebase:firebase-iid:21.0.1] AndroidManifest.xml:26:5-82
22-->[com.google.firebase:firebase-iid:21.0.1] AndroidManifest.xml:26:22-79
23
24    <application
24-->src\main\AndroidManifest.xml:3:4-40:19
25        android:appComponentFactory="androidx.core.app.CoreComponentFactory"
25-->[androidx.core:core:1.3.0] AndroidManifest.xml:24:18-86
26        android:debuggable="true"
27        android:icon="@mipmap/ic_launcher"
27-->src\main\AndroidManifest.xml:5:9-43
28        android:label="flutter_chatapp" >
28-->src\main\AndroidManifest.xml:4:9-40
29        <activity
29-->src\main\AndroidManifest.xml:6:9-34:20
30            android:name="com.example.flutter_chatapp.MainActivity"
30-->src\main\AndroidManifest.xml:7:13-41
31            android:configChanges="orientation|keyboardHidden|keyboard|screenSize|smallestScreenSize|locale|layoutDirection|fontScale|screenLayout|density|uiMode"
31-->src\main\AndroidManifest.xml:10:13-163
32            android:hardwareAccelerated="true"
32-->src\main\AndroidManifest.xml:11:13-47
33            android:launchMode="singleTop"
33-->src\main\AndroidManifest.xml:8:13-43
34            android:theme="@style/LaunchTheme"
34-->src\main\AndroidManifest.xml:9:13-47
35            android:windowSoftInputMode="adjustResize" >
35-->src\main\AndroidManifest.xml:12:13-55
36
37            <!--
38                 Specifies an Android theme to apply to this Activity as soon as
39                 the Android process has started. This theme is visible to the user
40                 while the Flutter UI initializes. After that, this theme continues
41                 to determine the Window background behind the Flutter UI.
42            -->
43            <meta-data
43-->src\main\AndroidManifest.xml:17:13-20:17
44                android:name="io.flutter.embedding.android.NormalTheme"
44-->src\main\AndroidManifest.xml:18:15-70
45                android:resource="@style/NormalTheme" />
45-->src\main\AndroidManifest.xml:19:15-52
46            <!--
47                 Displays an Android View that continues showing the launch screen
48                 Drawable until Flutter paints its first frame, then this splash
49                 screen fades out. A splash screen is useful to avoid any visual
50                 gap between the end of Android's launch screen and the painting of
51                 Flutter's first frame.
52            -->
53            <meta-data
53-->src\main\AndroidManifest.xml:26:13-29:17
54                android:name="io.flutter.embedding.android.SplashScreenDrawable"
54-->src\main\AndroidManifest.xml:27:15-79
55                android:resource="@drawable/launch_background" />
55-->src\main\AndroidManifest.xml:28:15-61
56
57            <intent-filter>
57-->src\main\AndroidManifest.xml:30:13-33:29
58                <action android:name="android.intent.action.MAIN" />
58-->src\main\AndroidManifest.xml:31:17-68
58-->src\main\AndroidManifest.xml:31:25-66
59
60                <category android:name="android.intent.category.LAUNCHER" />
60-->src\main\AndroidManifest.xml:32:17-76
60-->src\main\AndroidManifest.xml:32:27-74
61            </intent-filter>
62        </activity>
63        <!--
64             Don't delete the meta-data below.
65             This is used by the Flutter tool to generate GeneratedPluginRegistrant.java
66        -->
67        <meta-data
67-->src\main\AndroidManifest.xml:37:9-39:33
68            android:name="flutterEmbedding"
68-->src\main\AndroidManifest.xml:38:13-44
69            android:value="2" />
69-->src\main\AndroidManifest.xml:39:13-30
70
71        <service
71-->[:firebase_storage] AndroidManifest.xml:8:9-12:19
72            android:name="com.google.firebase.components.ComponentDiscoveryService"
72-->[:firebase_storage] AndroidManifest.xml:8:18-89
73            android:directBootAware="true"
73-->[com.google.firebase:firebase-common:19.5.0] AndroidManifest.xml:35:13-43
74            android:exported="false" >
74-->[com.google.firebase:firebase-firestore:22.0.1] AndroidManifest.xml:19:13-37
75            <meta-data
75-->[:firebase_storage] AndroidManifest.xml:9:13-11:85
76                android:name="com.google.firebase.components:io.flutter.plugins.firebase.storage.FlutterFirebaseAppRegistrar"
76-->[:firebase_storage] AndroidManifest.xml:10:17-126
77                android:value="com.google.firebase.components.ComponentRegistrar" />
77-->[:firebase_storage] AndroidManifest.xml:11:17-82
78            <meta-data
78-->[:firebase_messaging] AndroidManifest.xml:34:13-36:85
79                android:name="com.google.firebase.components:io.flutter.plugins.firebase.messaging.FlutterFirebaseAppRegistrar"
79-->[:firebase_messaging] AndroidManifest.xml:35:17-128
80                android:value="com.google.firebase.components.ComponentRegistrar" />
80-->[:firebase_messaging] AndroidManifest.xml:36:17-82
81            <meta-data
81-->[:cloud_firestore] AndroidManifest.xml:9:13-11:85
82                android:name="com.google.firebase.components:io.flutter.plugins.firebase.firestore.FlutterFirebaseFirestoreRegistrar"
82-->[:cloud_firestore] AndroidManifest.xml:10:17-134
83                android:value="com.google.firebase.components.ComponentRegistrar" />
83-->[:cloud_firestore] AndroidManifest.xml:11:17-82
84            <meta-data
84-->[:firebase_auth] AndroidManifest.xml:9:13-11:85
85                android:name="com.google.firebase.components:io.flutter.plugins.firebase.auth.FlutterFirebaseAuthRegistrar"
85-->[:firebase_auth] AndroidManifest.xml:10:17-124
86                android:value="com.google.firebase.components.ComponentRegistrar" />
86-->[:firebase_auth] AndroidManifest.xml:11:17-82
87            <meta-data
87-->[:firebase_core] AndroidManifest.xml:9:13-11:85
88                android:name="com.google.firebase.components:io.flutter.plugins.firebase.core.FlutterFirebaseCoreRegistrar"
88-->[:firebase_core] AndroidManifest.xml:10:17-124
89                android:value="com.google.firebase.components.ComponentRegistrar" />
89-->[:firebase_core] AndroidManifest.xml:11:17-82
90            <meta-data
90-->[com.google.firebase:firebase-firestore:22.0.1] AndroidManifest.xml:20:13-22:85
91                android:name="com.google.firebase.components:com.google.firebase.firestore.FirestoreRegistrar"
91-->[com.google.firebase:firebase-firestore:22.0.1] AndroidManifest.xml:21:17-111
92                android:value="com.google.firebase.components.ComponentRegistrar" />
92-->[com.google.firebase:firebase-firestore:22.0.1] AndroidManifest.xml:22:17-82
93            <meta-data
93-->[com.google.firebase:firebase-storage:19.2.1] AndroidManifest.xml:33:13-35:85
94                android:name="com.google.firebase.components:com.google.firebase.storage.StorageRegistrar"
94-->[com.google.firebase:firebase-storage:19.2.1] AndroidManifest.xml:34:17-107
95                android:value="com.google.firebase.components.ComponentRegistrar" />
95-->[com.google.firebase:firebase-storage:19.2.1] AndroidManifest.xml:35:17-82
96            <meta-data
96-->[com.google.firebase:firebase-auth:20.0.1] AndroidManifest.xml:77:13-79:85
97                android:name="com.google.firebase.components:com.google.firebase.auth.FirebaseAuthRegistrar"
97-->[com.google.firebase:firebase-auth:20.0.1] AndroidManifest.xml:78:17-109
98                android:value="com.google.firebase.components.ComponentRegistrar" />
98-->[com.google.firebase:firebase-auth:20.0.1] AndroidManifest.xml:79:17-82
99            <meta-data
99-->[com.google.firebase:firebase-messaging:21.0.1] AndroidManifest.xml:39:13-41:85
100                android:name="com.google.firebase.components:com.google.firebase.messaging.FirebaseMessagingRegistrar"
100-->[com.google.firebase:firebase-messaging:21.0.1] AndroidManifest.xml:40:17-119
101                android:value="com.google.firebase.components.ComponentRegistrar" />
101-->[com.google.firebase:firebase-messaging:21.0.1] AndroidManifest.xml:41:17-82
102            <meta-data
102-->[com.google.firebase:firebase-iid:21.0.1] AndroidManifest.xml:32:13-34:85
103                android:name="com.google.firebase.components:com.google.firebase.iid.Registrar"
103-->[com.google.firebase:firebase-iid:21.0.1] AndroidManifest.xml:33:17-96
104                android:value="com.google.firebase.components.ComponentRegistrar" />
104-->[com.google.firebase:firebase-iid:21.0.1] AndroidManifest.xml:34:17-82
105            <meta-data
105-->[com.google.firebase:firebase-datatransport:17.0.10] AndroidManifest.xml:28:13-30:85
106                android:name="com.google.firebase.components:com.google.firebase.datatransport.TransportRegistrar"
106-->[com.google.firebase:firebase-datatransport:17.0.10] AndroidManifest.xml:29:17-115
107                android:value="com.google.firebase.components.ComponentRegistrar" />
107-->[com.google.firebase:firebase-datatransport:17.0.10] AndroidManifest.xml:30:17-82
108            <meta-data
108-->[com.google.firebase:firebase-installations:16.3.5] AndroidManifest.xml:18:13-20:85
109                android:name="com.google.firebase.components:com.google.firebase.installations.FirebaseInstallationsRegistrar"
109-->[com.google.firebase:firebase-installations:16.3.5] AndroidManifest.xml:19:17-127
110                android:value="com.google.firebase.components.ComponentRegistrar" />
110-->[com.google.firebase:firebase-installations:16.3.5] AndroidManifest.xml:20:17-82
111            <!--
112                This registrar is not defined in the dynamic-module-support sdk itself to allow non-firebase
113                clients to use it as well, by defining this registrar in their own core/common library.
114            -->
115            <meta-data
115-->[com.google.firebase:firebase-common:19.5.0] AndroidManifest.xml:43:13-45:85
116                android:name="com.google.firebase.components:com.google.firebase.dynamicloading.DynamicLoadingRegistrar"
116-->[com.google.firebase:firebase-common:19.5.0] AndroidManifest.xml:44:17-121
117                android:value="com.google.firebase.components.ComponentRegistrar" />
117-->[com.google.firebase:firebase-common:19.5.0] AndroidManifest.xml:45:17-82
118        </service>
119
120        <provider
120-->[:image_picker] AndroidManifest.xml:11:9-19:20
121            android:name="io.flutter.plugins.imagepicker.ImagePickerFileProvider"
121-->[:image_picker] AndroidManifest.xml:12:13-82
122            android:authorities="com.example.flutter_chatapp.flutter.image_provider"
122-->[:image_picker] AndroidManifest.xml:13:13-74
123            android:exported="false"
123-->[:image_picker] AndroidManifest.xml:14:13-37
124            android:grantUriPermissions="true" >
124-->[:image_picker] AndroidManifest.xml:15:13-47
125            <meta-data
125-->[:image_picker] AndroidManifest.xml:16:13-18:75
126                android:name="android.support.FILE_PROVIDER_PATHS"
126-->[:image_picker] AndroidManifest.xml:17:17-67
127                android:resource="@xml/flutter_image_picker_file_paths" />
127-->[:image_picker] AndroidManifest.xml:18:17-72
128        </provider>
129
130        <service
130-->[:firebase_messaging] AndroidManifest.xml:12:9-15:72
131            android:name="io.flutter.plugins.firebase.messaging.FlutterFirebaseMessagingBackgroundService"
131-->[:firebase_messaging] AndroidManifest.xml:13:13-107
132            android:exported="false"
132-->[:firebase_messaging] AndroidManifest.xml:14:13-37
133            android:permission="android.permission.BIND_JOB_SERVICE" />
133-->[:firebase_messaging] AndroidManifest.xml:15:13-69
134        <service
134-->[:firebase_messaging] AndroidManifest.xml:16:9-22:19
135            android:name="io.flutter.plugins.firebase.messaging.FlutterFirebaseMessagingService"
135-->[:firebase_messaging] AndroidManifest.xml:17:13-97
136            android:exported="false" >
136-->[:firebase_messaging] AndroidManifest.xml:18:13-37
137            <intent-filter>
137-->[:firebase_messaging] AndroidManifest.xml:19:13-21:29
138                <action android:name="com.google.firebase.MESSAGING_EVENT" />
138-->[:firebase_messaging] AndroidManifest.xml:20:17-78
138-->[:firebase_messaging] AndroidManifest.xml:20:25-75
139            </intent-filter>
140        </service>
141
142        <receiver
142-->[:firebase_messaging] AndroidManifest.xml:24:9-31:20
143            android:name="io.flutter.plugins.firebase.messaging.FlutterFirebaseMessagingReceiver"
143-->[:firebase_messaging] AndroidManifest.xml:25:13-98
144            android:exported="true"
144-->[:firebase_messaging] AndroidManifest.xml:26:13-36
145            android:permission="com.google.android.c2dm.permission.SEND" >
145-->[:firebase_messaging] AndroidManifest.xml:27:13-73
146            <intent-filter>
146-->[:firebase_messaging] AndroidManifest.xml:28:13-30:29
147                <action android:name="com.google.android.c2dm.intent.RECEIVE" />
147-->[:firebase_messaging] AndroidManifest.xml:29:17-81
147-->[:firebase_messaging] AndroidManifest.xml:29:25-78
148            </intent-filter>
149        </receiver>
150
151        <provider
151-->[:firebase_messaging] AndroidManifest.xml:39:9-43:38
152            android:name="io.flutter.plugins.firebase.messaging.FlutterFirebaseMessagingInitProvider"
152-->[:firebase_messaging] AndroidManifest.xml:40:13-102
153            android:authorities="com.example.flutter_chatapp.flutterfirebasemessaginginitprovider"
153-->[:firebase_messaging] AndroidManifest.xml:41:13-88
154            android:exported="false"
154-->[:firebase_messaging] AndroidManifest.xml:42:13-37
155            android:initOrder="99" />
155-->[:firebase_messaging] AndroidManifest.xml:43:13-35
156
157        <receiver android:name="com.dexterous.flutterlocalnotifications.ScheduledNotificationReceiver" />
157-->[:flutter_local_notifications] AndroidManifest.xml:12:9-106
157-->[:flutter_local_notifications] AndroidManifest.xml:12:19-103
158        <receiver android:name="com.dexterous.flutterlocalnotifications.ScheduledNotificationBootReceiver" >
158-->[:flutter_local_notifications] AndroidManifest.xml:13:9-20:20
158-->[:flutter_local_notifications] AndroidManifest.xml:13:19-107
159            <intent-filter>
159-->[:flutter_local_notifications] AndroidManifest.xml:14:13-19:29
160                <action android:name="android.intent.action.BOOT_COMPLETED" />
160-->[:flutter_local_notifications] AndroidManifest.xml:15:17-79
160-->[:flutter_local_notifications] AndroidManifest.xml:15:25-76
161                <action android:name="android.intent.action.MY_PACKAGE_REPLACED" />
161-->[:flutter_local_notifications] AndroidManifest.xml:16:17-84
161-->[:flutter_local_notifications] AndroidManifest.xml:16:25-81
162                <action android:name="android.intent.action.QUICKBOOT_POWERON" />
162-->[:flutter_local_notifications] AndroidManifest.xml:17:17-82
162-->[:flutter_local_notifications] AndroidManifest.xml:17:25-79
163                <action android:name="com.htc.intent.action.QUICKBOOT_POWERON" />
163-->[:flutter_local_notifications] AndroidManifest.xml:18:17-82
163-->[:flutter_local_notifications] AndroidManifest.xml:18:25-79
164            </intent-filter>
165        </receiver>
166
167        <activity
167-->[com.google.android.gms:play-services-auth:16.0.1] AndroidManifest.xml:23:9-27:75
168            android:name="com.google.android.gms.auth.api.signin.internal.SignInHubActivity"
168-->[com.google.android.gms:play-services-auth:16.0.1] AndroidManifest.xml:24:13-93
169            android:excludeFromRecents="true"
169-->[com.google.android.gms:play-services-auth:16.0.1] AndroidManifest.xml:25:13-46
170            android:exported="false"
170-->[com.google.android.gms:play-services-auth:16.0.1] AndroidManifest.xml:26:13-37
171            android:theme="@android:style/Theme.Translucent.NoTitleBar" />
171-->[com.google.android.gms:play-services-auth:16.0.1] AndroidManifest.xml:27:13-72
172        <!--
173            Service handling Google Sign-In user revocation. For apps that do not integrate with
174            Google Sign-In, this service will never be started.
175        -->
176        <service
176-->[com.google.android.gms:play-services-auth:16.0.1] AndroidManifest.xml:33:9-36:110
177            android:name="com.google.android.gms.auth.api.signin.RevocationBoundService"
177-->[com.google.android.gms:play-services-auth:16.0.1] AndroidManifest.xml:34:13-89
178            android:exported="true"
178-->[com.google.android.gms:play-services-auth:16.0.1] AndroidManifest.xml:35:13-36
179            android:permission="com.google.android.gms.auth.api.signin.permission.REVOCATION_NOTIFICATION" />
179-->[com.google.android.gms:play-services-auth:16.0.1] AndroidManifest.xml:36:13-107
180
181        <activity
181-->[com.google.firebase:firebase-auth:20.0.1] AndroidManifest.xml:27:9-44:20
182            android:name="com.google.firebase.auth.internal.GenericIdpActivity"
182-->[com.google.firebase:firebase-auth:20.0.1] AndroidManifest.xml:28:13-80
183            android:excludeFromRecents="true"
183-->[com.google.firebase:firebase-auth:20.0.1] AndroidManifest.xml:29:13-46
184            android:exported="true"
184-->[com.google.firebase:firebase-auth:20.0.1] AndroidManifest.xml:30:13-36
185            android:launchMode="singleTask"
185-->[com.google.firebase:firebase-auth:20.0.1] AndroidManifest.xml:31:13-44
186            android:theme="@android:style/Theme.Translucent.NoTitleBar" >
186-->[com.google.firebase:firebase-auth:20.0.1] AndroidManifest.xml:32:13-72
187            <intent-filter>
187-->[com.google.firebase:firebase-auth:20.0.1] AndroidManifest.xml:33:13-43:29
188                <action android:name="android.intent.action.VIEW" />
188-->[com.google.firebase:firebase-auth:20.0.1] AndroidManifest.xml:34:17-69
188-->[com.google.firebase:firebase-auth:20.0.1] AndroidManifest.xml:34:25-66
189
190                <category android:name="android.intent.category.DEFAULT" />
190-->[com.google.firebase:firebase-auth:20.0.1] AndroidManifest.xml:36:17-76
190-->[com.google.firebase:firebase-auth:20.0.1] AndroidManifest.xml:36:27-73
191                <category android:name="android.intent.category.BROWSABLE" />
191-->[com.google.firebase:firebase-auth:20.0.1] AndroidManifest.xml:37:17-78
191-->[com.google.firebase:firebase-auth:20.0.1] AndroidManifest.xml:37:27-75
192
193                <data
193-->[com.google.firebase:firebase-auth:20.0.1] AndroidManifest.xml:39:17-42:51
194                    android:host="firebase.auth"
194-->[com.google.firebase:firebase-auth:20.0.1] AndroidManifest.xml:40:21-49
195                    android:path="/"
195-->[com.google.firebase:firebase-auth:20.0.1] AndroidManifest.xml:41:21-37
196                    android:scheme="genericidp" />
196-->[com.google.firebase:firebase-auth:20.0.1] AndroidManifest.xml:42:21-48
197            </intent-filter>
198        </activity>
199        <activity
199-->[com.google.firebase:firebase-auth:20.0.1] AndroidManifest.xml:45:9-62:20
200            android:name="com.google.firebase.auth.internal.RecaptchaActivity"
200-->[com.google.firebase:firebase-auth:20.0.1] AndroidManifest.xml:46:13-79
201            android:excludeFromRecents="true"
201-->[com.google.firebase:firebase-auth:20.0.1] AndroidManifest.xml:47:13-46
202            android:exported="true"
202-->[com.google.firebase:firebase-auth:20.0.1] AndroidManifest.xml:48:13-36
203            android:launchMode="singleTask"
203-->[com.google.firebase:firebase-auth:20.0.1] AndroidManifest.xml:49:13-44
204            android:theme="@android:style/Theme.Translucent.NoTitleBar" >
204-->[com.google.firebase:firebase-auth:20.0.1] AndroidManifest.xml:50:13-72
205            <intent-filter>
205-->[com.google.firebase:firebase-auth:20.0.1] AndroidManifest.xml:51:13-61:29
206                <action android:name="android.intent.action.VIEW" />
206-->[com.google.firebase:firebase-auth:20.0.1] AndroidManifest.xml:34:17-69
206-->[com.google.firebase:firebase-auth:20.0.1] AndroidManifest.xml:34:25-66
207
208                <category android:name="android.intent.category.DEFAULT" />
208-->[com.google.firebase:firebase-auth:20.0.1] AndroidManifest.xml:36:17-76
208-->[com.google.firebase:firebase-auth:20.0.1] AndroidManifest.xml:36:27-73
209                <category android:name="android.intent.category.BROWSABLE" />
209-->[com.google.firebase:firebase-auth:20.0.1] AndroidManifest.xml:37:17-78
209-->[com.google.firebase:firebase-auth:20.0.1] AndroidManifest.xml:37:27-75
210
211                <data
211-->[com.google.firebase:firebase-auth:20.0.1] AndroidManifest.xml:39:17-42:51
212                    android:host="firebase.auth"
212-->[com.google.firebase:firebase-auth:20.0.1] AndroidManifest.xml:40:21-49
213                    android:path="/"
213-->[com.google.firebase:firebase-auth:20.0.1] AndroidManifest.xml:41:21-37
214                    android:scheme="recaptcha" />
214-->[com.google.firebase:firebase-auth:20.0.1] AndroidManifest.xml:42:21-48
215            </intent-filter>
216        </activity>
217
218        <service
218-->[com.google.firebase:firebase-auth:20.0.1] AndroidManifest.xml:64:9-73:19
219            android:name="com.google.firebase.auth.api.fallback.service.FirebaseAuthFallbackService"
219-->[com.google.firebase:firebase-auth:20.0.1] AndroidManifest.xml:65:13-101
220            android:enabled="true"
220-->[com.google.firebase:firebase-auth:20.0.1] AndroidManifest.xml:66:13-35
221            android:exported="false" >
221-->[com.google.firebase:firebase-auth:20.0.1] AndroidManifest.xml:67:13-37
222            <intent-filter>
222-->[com.google.firebase:firebase-auth:20.0.1] AndroidManifest.xml:68:13-72:29
223                <action android:name="com.google.firebase.auth.api.gms.service.START" />
223-->[com.google.firebase:firebase-auth:20.0.1] AndroidManifest.xml:69:17-89
223-->[com.google.firebase:firebase-auth:20.0.1] AndroidManifest.xml:69:25-86
224
225                <category android:name="android.intent.category.DEFAULT" />
225-->[com.google.firebase:firebase-auth:20.0.1] AndroidManifest.xml:36:17-76
225-->[com.google.firebase:firebase-auth:20.0.1] AndroidManifest.xml:36:27-73
226            </intent-filter>
227        </service>
228        <!--
229             FirebaseMessagingService performs security checks at runtime,
230             but set to not exported to explicitly avoid allowing another app to call it.
231        -->
232        <service
232-->[com.google.firebase:firebase-messaging:21.0.1] AndroidManifest.xml:28:9-35:19
233            android:name="com.google.firebase.messaging.FirebaseMessagingService"
233-->[com.google.firebase:firebase-messaging:21.0.1] AndroidManifest.xml:29:13-82
234            android:directBootAware="true"
234-->[com.google.firebase:firebase-messaging:21.0.1] AndroidManifest.xml:30:13-43
235            android:exported="false" >
235-->[com.google.firebase:firebase-messaging:21.0.1] AndroidManifest.xml:31:13-37
236            <intent-filter android:priority="-500" >
236-->[:firebase_messaging] AndroidManifest.xml:19:13-21:29
237                <action android:name="com.google.firebase.MESSAGING_EVENT" />
237-->[:firebase_messaging] AndroidManifest.xml:20:17-78
237-->[:firebase_messaging] AndroidManifest.xml:20:25-75
238            </intent-filter>
239        </service>
240
241        <receiver
241-->[com.google.firebase:firebase-iid:21.0.1] AndroidManifest.xml:37:9-44:20
242            android:name="com.google.firebase.iid.FirebaseInstanceIdReceiver"
242-->[com.google.firebase:firebase-iid:21.0.1] AndroidManifest.xml:38:13-78
243            android:exported="true"
243-->[com.google.firebase:firebase-iid:21.0.1] AndroidManifest.xml:39:13-36
244            android:permission="com.google.android.c2dm.permission.SEND" >
244-->[com.google.firebase:firebase-iid:21.0.1] AndroidManifest.xml:40:13-73
245            <intent-filter>
245-->[:firebase_messaging] AndroidManifest.xml:28:13-30:29
246                <action android:name="com.google.android.c2dm.intent.RECEIVE" />
246-->[:firebase_messaging] AndroidManifest.xml:29:17-81
246-->[:firebase_messaging] AndroidManifest.xml:29:25-78
247            </intent-filter>
248        </receiver>
249
250        <activity
250-->[com.google.android.gms:play-services-base:17.1.0] AndroidManifest.xml:23:9-26:75
251            android:name="com.google.android.gms.common.api.GoogleApiActivity"
251-->[com.google.android.gms:play-services-base:17.1.0] AndroidManifest.xml:24:13-79
252            android:exported="false"
252-->[com.google.android.gms:play-services-base:17.1.0] AndroidManifest.xml:25:13-37
253            android:theme="@android:style/Theme.Translucent.NoTitleBar" />
253-->[com.google.android.gms:play-services-base:17.1.0] AndroidManifest.xml:26:13-72
254
255        <provider
255-->[com.google.firebase:firebase-common:19.5.0] AndroidManifest.xml:26:9-31:39
256            android:name="com.google.firebase.provider.FirebaseInitProvider"
256-->[com.google.firebase:firebase-common:19.5.0] AndroidManifest.xml:27:13-77
257            android:authorities="com.example.flutter_chatapp.firebaseinitprovider"
257-->[com.google.firebase:firebase-common:19.5.0] AndroidManifest.xml:28:13-72
258            android:directBootAware="true"
258-->[com.google.firebase:firebase-common:19.5.0] AndroidManifest.xml:29:13-43
259            android:exported="false"
259-->[com.google.firebase:firebase-common:19.5.0] AndroidManifest.xml:30:13-37
260            android:initOrder="100" />
260-->[com.google.firebase:firebase-common:19.5.0] AndroidManifest.xml:31:13-36
261
262        <meta-data
262-->[com.google.android.gms:play-services-basement:17.1.0] AndroidManifest.xml:23:9-25:69
263            android:name="com.google.android.gms.version"
263-->[com.google.android.gms:play-services-basement:17.1.0] AndroidManifest.xml:24:13-58
264            android:value="@integer/google_play_services_version" />
264-->[com.google.android.gms:play-services-basement:17.1.0] AndroidManifest.xml:25:13-66
265
266        <service
266-->[com.google.android.datatransport:transport-backend-cct:2.3.3] AndroidManifest.xml:29:9-35:19
267            android:name="com.google.android.datatransport.runtime.backends.TransportBackendDiscovery"
267-->[com.google.android.datatransport:transport-backend-cct:2.3.3] AndroidManifest.xml:30:13-103
268            android:exported="false" >
268-->[com.google.android.datatransport:transport-backend-cct:2.3.3] AndroidManifest.xml:31:13-37
269            <meta-data
269-->[com.google.android.datatransport:transport-backend-cct:2.3.3] AndroidManifest.xml:32:13-34:39
270                android:name="backend:com.google.android.datatransport.cct.CctBackendFactory"
270-->[com.google.android.datatransport:transport-backend-cct:2.3.3] AndroidManifest.xml:33:17-94
271                android:value="cct" />
271-->[com.google.android.datatransport:transport-backend-cct:2.3.3] AndroidManifest.xml:34:17-36
272        </service>
273        <service
273-->[com.google.android.datatransport:transport-runtime:2.2.5] AndroidManifest.xml:26:9-30:19
274            android:name="com.google.android.datatransport.runtime.scheduling.jobscheduling.JobInfoSchedulerService"
274-->[com.google.android.datatransport:transport-runtime:2.2.5] AndroidManifest.xml:27:13-117
275            android:exported="false"
275-->[com.google.android.datatransport:transport-runtime:2.2.5] AndroidManifest.xml:28:13-37
276            android:permission="android.permission.BIND_JOB_SERVICE" >
276-->[com.google.android.datatransport:transport-runtime:2.2.5] AndroidManifest.xml:29:13-69
277        </service>
278
279        <receiver
279-->[com.google.android.datatransport:transport-runtime:2.2.5] AndroidManifest.xml:32:9-34:40
280            android:name="com.google.android.datatransport.runtime.scheduling.jobscheduling.AlarmManagerSchedulerBroadcastReceiver"